<?xml version="1.0" encoding="UTF-8"?>
<!-- Generated by org.testng.reporters.JUnitXMLReporter -->
<testsuite ignored="1" hostname="SUMANA" failures="1" tests="3" name="Test" time="9.605" errors="0" timestamp="2025-06-20T21:22:16 IST">
  <testcase classname="testScript.AdminUsersTest" name="verifyAdminUsers" time="0.937">
    <skipped/>
  </testcase> <!-- verifyAdminUsers -->
  <testcase classname="testScript.AdminUsersTest" name="verifyAdminUsers" time="0.054">
    <skipped/>
  </testcase> <!-- verifyAdminUsers -->
  <testcase classname="testScript.AdminUsersTest" name="verifyAdminUsers" time="0.057">
    <failure type="java.lang.NullPointerException" message="Cannot invoke &amp;quot;org.apache.poi.xssf.usermodel.XSSFRow.getCell(int)&amp;quot; because &amp;quot;r&amp;quot; is null">
      <![CDATA[java.lang.NullPointerException: Cannot invoke "org.apache.poi.xssf.usermodel.XSSFRow.getCell(int)" because "r" is null
at utilities.ExcelUtility.getStringData(ExcelUtility.java:28)
at testScript.AdminUsersTest.verifyAdminUsers(AdminUsersTest.java:24)
at java.base/java.util.ArrayList.forEach(ArrayList.java:1596)
... Removed 25 stack frames]]>
    </failure>
  </testcase> <!-- verifyAdminUsers -->
  <testcase classname="testScript.AdminUsersTest" name="verifySearchAdminUsers" time="0.0">
    <ignored/>
  </testcase> <!-- verifySearchAdminUsers -->
</testsuite> <!-- Test -->
