<?xml version="1.0" encoding="UTF-8"?>
<!-- Generated by org.testng.reporters.JUnitXMLReporter -->
<testsuite ignored="2" hostname="SUMANA" failures="0" tests="2" name="Test" time="6.496" errors="0" timestamp="2025-06-13T20:24:22 IST">
  <testcase classname="automationCore.Base" name="@BeforeMethod initialiseBrowser" time="4.881">
    <failure type="java.lang.Exception" message="Invalid Browser">
      <![CDATA[java.lang.Exception: Invalid Browser
at automationCore.Base.initialiseBrowser(Base.java:48)
at java.base/java.util.ArrayList.forEach(ArrayList.java:1596)
... Removed 29 stack frames]]>
    </failure>
  </testcase> <!-- @BeforeMethod initialiseBrowser -->
  <testcase classname="automationCore.Base" name="@BeforeMethod initialiseBrowser" time="1.455">
    <failure type="java.lang.Exception" message="Invalid Browser">
      <![CDATA[java.lang.Exception: Invalid Browser
at automationCore.Base.initialiseBrowser(Base.java:48)
at java.base/java.util.ArrayList.forEach(ArrayList.java:1596)
... Removed 29 stack frames]]>
    </failure>
  </testcase> <!-- @BeforeMethod initialiseBrowser -->
  <testcase classname="testScript.LoginTest" name="verifyUserLoginWithValidCredentials" time="0.0">
    <skipped/>
  </testcase> <!-- verifyUserLoginWithValidCredentials -->
  <testcase classname="testScript.LoginTest" name="verifyUserLoginWithInvalidUserNameAndValidPassword" time="0.0">
    <skipped/>
  </testcase> <!-- verifyUserLoginWithInvalidUserNameAndValidPassword -->
  <testcase classname="testScript.LoginTest" name="verifyUserLoginWithValidUserNameAndInalidPassword" time="0.0">
    <ignored/>
  </testcase> <!-- verifyUserLoginWithValidUserNameAndInalidPassword -->
  <testcase classname="testScript.LoginTest" name="verifyUserLoginWithInvalidCredentials" time="0.0">
    <ignored/>
  </testcase> <!-- verifyUserLoginWithInvalidCredentials -->
</testsuite> <!-- Test -->
